<?xml version="1.0" encoding="UTF-8"?>
<testsuite name="com.betek.cd_and_ci.integration.MainControllerIntegrationTest" tests="2" skipped="0" failures="0" errors="0" timestamp="2024-07-16T12:59:02" hostname="MANUEL-PC" time="0.117">
  <properties/>
  <testcase name="calculator controller test" classname="com.betek.cd_and_ci.integration.MainControllerIntegrationTest" time="0.11"/>
  <testcase name="ping controller test" classname="com.betek.cd_and_ci.integration.MainControllerIntegrationTest" time="0.005"/>
  <system-out><![CDATA[2024-07-16T07:59:01.786-05:00  INFO 2052 --- [cd-and-ci] [    Test worker] t.c.s.AnnotationConfigContextLoaderUtils : Could not detect default configuration classes for test class [com.betek.cd_and_ci.integration.MainControllerIntegrationTest]: MainControllerIntegrationTest does not declare any static, non-private, non-final, nested classes annotated with @Configuration.
2024-07-16T07:59:01.801-05:00  INFO 2052 --- [cd-and-ci] [    Test worker] .b.t.c.SpringBootTestContextBootstrapper : Found @SpringBootConfiguration com.betek.cd_and_ci.CdAndCiApplication for test class com.betek.cd_and_ci.integration.MainControllerIntegrationTest

  .   ____          _            __ _ _
 /\\ / ___'_ __ _ _(_)_ __  __ _ \ \ \ \
( ( )\___ | '_ | '_| | '_ \/ _` | \ \ \ \
 \\/  ___)| |_)| | | | | || (_| |  ) ) ) )
  '  |____| .__|_| |_|_| |_\__, | / / / /
 =========|_|==============|___/=/_/_/_/

 :: Spring Boot ::                (v3.3.1)

2024-07-16T07:59:01.838-05:00  INFO 2052 --- [cd-and-ci] [    Test worker] c.b.c.i.MainControllerIntegrationTest    : Starting MainControllerIntegrationTest using Java 17.0.11 with PID 2052 (started by manue in C:\Users\manue\Downloads\cd-and-ci\cd-and-ci)
2024-07-16T07:59:01.838-05:00  INFO 2052 --- [cd-and-ci] [    Test worker] c.b.c.i.MainControllerIntegrationTest    : No active profile set, falling back to 1 default profile: "default"
2024-07-16T07:59:02.237-05:00  INFO 2052 --- [cd-and-ci] [    Test worker] o.s.b.t.m.w.SpringBootMockServletContext : Initializing Spring TestDispatcherServlet ''
2024-07-16T07:59:02.237-05:00  INFO 2052 --- [cd-and-ci] [    Test worker] o.s.t.web.servlet.TestDispatcherServlet  : Initializing Servlet ''
2024-07-16T07:59:02.240-05:00  INFO 2052 --- [cd-and-ci] [    Test worker] o.s.t.web.servlet.TestDispatcherServlet  : Completed initialization in 1 ms
2024-07-16T07:59:02.252-05:00  INFO 2052 --- [cd-and-ci] [    Test worker] c.b.c.i.MainControllerIntegrationTest    : Started MainControllerIntegrationTest in 0.446 seconds (process running for 4.383)
]]></system-out>
  <system-err><![CDATA[]]></system-err>
</testsuite>
